    1  git init
    2  git add.
    3  git add
    4  git add .
    5  git commit -m "First commit"
    6  git remote add origin https://github.com/mricemage/Lab4-SWP.git
    7  git remote -v
    8  git push origin master
    9  git branch b1
   10  git checkout master
   11  git add .
   12  git commit -m "Cat longer"
   13  git checkout b1
   14  git add.
   15  git commit -m "Cat with ear"
   16  git add .
   17  git commit -m "Cat with ear"
   18  git checkout master
   19  git merge b1 -m "merge"
   20  git add.
   21  git add .
   22  git commit -m "Merged and remove conflict"
   23  git branch -d b1
   24  git push
   25  git push origin-master
   26  git push origin master
   27  $history >mylog.log
   28  history > mylog.log
   29  git add .
   30  git commit -m "MyLog"
   31  git push origin master
   32  git branch b2
   33  git add .
   34  git commit -m "Belt for master"
   35  git checkout b2
   36  git add .
   37  git commit -m "Put X as belt for the cat"
   38  git checkout master
   39  git merge b2 -m "merge"
   40  git add.
   41  git add .
   42  git commit -m "Finally chosen the belt X for the cat"
   43  git branch -d b2
   44  git push origin master
   45  history > mylog.log
